2022-04-04 10:55:21.836 [ restartedMain ] - [ INFO  ] [ c.alan.hrsys_springboot.HrsysSpringbootApplication : 55 ] - Starting HrsysSpringbootApplication on DESKTOP-QVAD7T5 with PID 22496 (D:\Java学习之路\GitHub中的Java\SpringBoot\Spring_Boot-Vue\hrsys_springboot\target\classes started by 25501 in D:\Java学习之路\GitHub中的Java\SpringBoot\Spring_Boot-Vue\hrsys_springboot)
2022-04-04 10:55:21.838 [ restartedMain ] - [ DEBUG ] [ c.alan.hrsys_springboot.HrsysSpringbootApplication : 56 ] - Running with Spring Boot v2.3.1.RELEASE, Spring v5.2.7.RELEASE
2022-04-04 10:55:21.839 [ restartedMain ] - [ INFO  ] [ c.alan.hrsys_springboot.HrsysSpringbootApplication : 651 ] - No active profile set, falling back to default profiles: default
2022-04-04 11:00:34.041 [ restartedMain ] - [ INFO  ] [ c.alan.hrsys_springboot.HrsysSpringbootApplication : 55 ] - Starting HrsysSpringbootApplication on DESKTOP-QVAD7T5 with PID 5544 (D:\Java学习之路\GitHub中的Java\SpringBoot\Spring_Boot-Vue\hrsys_springboot\target\classes started by 25501 in D:\Java学习之路\GitHub中的Java\SpringBoot\Spring_Boot-Vue\hrsys_springboot)
2022-04-04 11:00:34.043 [ restartedMain ] - [ DEBUG ] [ c.alan.hrsys_springboot.HrsysSpringbootApplication : 56 ] - Running with Spring Boot v2.3.1.RELEASE, Spring v5.2.7.RELEASE
2022-04-04 11:00:34.044 [ restartedMain ] - [ INFO  ] [ c.alan.hrsys_springboot.HrsysSpringbootApplication : 655 ] - The following profiles are active: application
2022-04-04 11:01:32.999 [ restartedMain ] - [ INFO  ] [ c.alan.hrsys_springboot.HrsysSpringbootApplication : 55 ] - Starting HrsysSpringbootApplication on DESKTOP-QVAD7T5 with PID 8680 (D:\Java学习之路\GitHub中的Java\SpringBoot\Spring_Boot-Vue\hrsys_springboot\target\classes started by 25501 in D:\Java学习之路\GitHub中的Java\SpringBoot\Spring_Boot-Vue\hrsys_springboot)
2022-04-04 11:01:33.001 [ restartedMain ] - [ DEBUG ] [ c.alan.hrsys_springboot.HrsysSpringbootApplication : 56 ] - Running with Spring Boot v2.3.1.RELEASE, Spring v5.2.7.RELEASE
2022-04-04 11:01:33.001 [ restartedMain ] - [ INFO  ] [ c.alan.hrsys_springboot.HrsysSpringbootApplication : 651 ] - No active profile set, falling back to default profiles: default
2022-04-04 11:02:12.297 [ restartedMain ] - [ INFO  ] [ c.alan.hrsys_springboot.HrsysSpringbootApplication : 55 ] - Starting HrsysSpringbootApplication on DESKTOP-QVAD7T5 with PID 19796 (D:\Java学习之路\GitHub中的Java\SpringBoot\Spring_Boot-Vue\hrsys_springboot\target\classes started by 25501 in D:\Java学习之路\GitHub中的Java\SpringBoot\Spring_Boot-Vue\hrsys_springboot)
2022-04-04 11:02:12.299 [ restartedMain ] - [ DEBUG ] [ c.alan.hrsys_springboot.HrsysSpringbootApplication : 56 ] - Running with Spring Boot v2.3.1.RELEASE, Spring v5.2.7.RELEASE
2022-04-04 11:02:12.300 [ restartedMain ] - [ INFO  ] [ c.alan.hrsys_springboot.HrsysSpringbootApplication : 651 ] - No active profile set, falling back to default profiles: default
2022-04-04 11:07:21.076 [ restartedMain ] - [ INFO  ] [ c.alan.hrsys_springboot.HrsysSpringbootApplication : 55 ] - Starting HrsysSpringbootApplication on DESKTOP-QVAD7T5 with PID 21368 (D:\Java学习之路\GitHub中的Java\SpringBoot\Spring_Boot-Vue\hrsys_springboot\target\classes started by 25501 in D:\Java学习之路\GitHub中的Java\SpringBoot\Spring_Boot-Vue\hrsys_springboot)
2022-04-04 11:07:21.077 [ restartedMain ] - [ DEBUG ] [ c.alan.hrsys_springboot.HrsysSpringbootApplication : 56 ] - Running with Spring Boot v2.3.1.RELEASE, Spring v5.2.7.RELEASE
2022-04-04 11:07:21.078 [ restartedMain ] - [ INFO  ] [ c.alan.hrsys_springboot.HrsysSpringbootApplication : 655 ] - The following profiles are active: dev
2022-04-04 11:07:21.878 [ restartedMain ] - [ INFO  ] [ org.apache.coyote.http11.Http11NioProtocol : 173 ] - Initializing ProtocolHandler ["http-nio-8090"]
2022-04-04 11:07:21.879 [ restartedMain ] - [ INFO  ] [ org.apache.catalina.core.StandardService : 173 ] - Starting service [Tomcat]
2022-04-04 11:07:21.879 [ restartedMain ] - [ INFO  ] [ org.apache.catalina.core.StandardEngine : 173 ] - Starting Servlet engine: [Apache Tomcat/9.0.36]
2022-04-04 11:07:22.017 [ restartedMain ] - [ INFO  ] [ org.apache.jasper.servlet.TldScanner : 173 ] - At least one JAR was scanned for TLDs yet contained no TLDs. Enable debug logging for this logger for a complete list of JARs that were scanned but no TLDs were found in them. Skipping unneeded JARs during scanning can improve startup time and JSP compilation time.
2022-04-04 11:07:22.020 [ restartedMain ] - [ INFO  ] [ o.a.c.core.ContainerBase.[Tomcat].[localhost].[/] : 173 ] - Initializing Spring embedded WebApplicationContext
2022-04-04 11:07:22.559 [ restartedMain ] - [ INFO  ] [ org.apache.coyote.http11.Http11NioProtocol : 173 ] - Starting ProtocolHandler ["http-nio-8090"]
2022-04-04 11:07:22.586 [ restartedMain ] - [ INFO  ] [ c.alan.hrsys_springboot.HrsysSpringbootApplication : 61 ] - Started HrsysSpringbootApplication in 1.703 seconds (JVM running for 2.168)
2022-04-04 11:08:25.573 [ http-nio-8090-exec-1 ] - [ INFO  ] [ o.a.c.core.ContainerBase.[Tomcat].[localhost].[/] : 173 ] - Initializing Spring DispatcherServlet 'dispatcherServlet'
2022-04-04 11:08:25.858 [ http-nio-8090-exec-3 ] - [ DEBUG ] [ c.a.hrsys_springboot.controller.EmployeeController : 28 ] - 记录debug日志
2022-04-04 11:08:25.858 [ http-nio-8090-exec-3 ] - [ INFO  ] [ c.a.hrsys_springboot.controller.EmployeeController : 29 ] - 访问了info日志
2022-04-04 11:08:25.859 [ http-nio-8090-exec-3 ] - [ WARN  ] [ c.a.hrsys_springboot.controller.EmployeeController : 30 ] - 记录了warn日志
2022-04-04 11:08:25.859 [ http-nio-8090-exec-3 ] - [ ERROR ] [ c.a.hrsys_springboot.controller.EmployeeController : 31 ] - 记录了error日志
2022-04-04 11:08:25.881 [ http-nio-8090-exec-3 ] - [ INFO  ] [ com.zaxxer.hikari.HikariDataSource : 110 ] - DatebookHikariCP - Starting...
2022-04-04 11:08:26.169 [ http-nio-8090-exec-3 ] - [ INFO  ] [ com.zaxxer.hikari.HikariDataSource : 123 ] - DatebookHikariCP - Start completed.
2022-04-04 11:08:26.173 [ http-nio-8090-exec-3 ] - [ DEBUG ] [ com.alan.hrsys_springboot.dao.EmployeeDao.search : 137 ] - ==>  Preparing: select e.*,d.name as depName from employee as e left join department as d on e.dep_id=d.id where 1=1 order by e.id
2022-04-04 11:08:26.182 [ http-nio-8090-exec-3 ] - [ DEBUG ] [ com.alan.hrsys_springboot.dao.EmployeeDao.search : 137 ] - ==> Parameters: 
2022-04-04 11:08:26.192 [ http-nio-8090-exec-3 ] - [ DEBUG ] [ com.alan.hrsys_springboot.dao.EmployeeDao.search : 137 ] - <==      Total: 6
2022-04-04 11:08:26.197 [ http-nio-8090-exec-3 ] - [ DEBUG ] [ com.alan.hrsys_springboot.dao.DepartmentDao.search : 137 ] - ==>  Preparing: select * from department
2022-04-04 11:08:26.197 [ http-nio-8090-exec-3 ] - [ DEBUG ] [ com.alan.hrsys_springboot.dao.DepartmentDao.search : 137 ] - ==> Parameters: 
2022-04-04 11:08:26.199 [ http-nio-8090-exec-3 ] - [ DEBUG ] [ com.alan.hrsys_springboot.dao.DepartmentDao.search : 137 ] - <==      Total: 4
2022-04-04 11:08:28.324 [ http-nio-8090-exec-6 ] - [ DEBUG ] [ c.a.hrsys_springboot.controller.EmployeeController : 28 ] - 记录debug日志
2022-04-04 11:08:28.324 [ http-nio-8090-exec-6 ] - [ INFO  ] [ c.a.hrsys_springboot.controller.EmployeeController : 29 ] - 访问了info日志
2022-04-04 11:08:28.324 [ http-nio-8090-exec-6 ] - [ WARN  ] [ c.a.hrsys_springboot.controller.EmployeeController : 30 ] - 记录了warn日志
2022-04-04 11:08:28.324 [ http-nio-8090-exec-6 ] - [ ERROR ] [ c.a.hrsys_springboot.controller.EmployeeController : 31 ] - 记录了error日志
2022-04-04 11:08:28.326 [ http-nio-8090-exec-6 ] - [ DEBUG ] [ com.alan.hrsys_springboot.dao.EmployeeDao.search : 137 ] - ==>  Preparing: select e.*,d.name as depName from employee as e left join department as d on e.dep_id=d.id where 1=1 order by e.id
2022-04-04 11:08:28.326 [ http-nio-8090-exec-6 ] - [ DEBUG ] [ com.alan.hrsys_springboot.dao.EmployeeDao.search : 137 ] - ==> Parameters: 
2022-04-04 11:08:28.329 [ http-nio-8090-exec-6 ] - [ DEBUG ] [ com.alan.hrsys_springboot.dao.EmployeeDao.search : 137 ] - <==      Total: 6
2022-04-04 11:08:28.330 [ http-nio-8090-exec-6 ] - [ DEBUG ] [ com.alan.hrsys_springboot.dao.DepartmentDao.search : 137 ] - ==>  Preparing: select * from department
2022-04-04 11:08:28.330 [ http-nio-8090-exec-6 ] - [ DEBUG ] [ com.alan.hrsys_springboot.dao.DepartmentDao.search : 137 ] - ==> Parameters: 
2022-04-04 11:08:28.331 [ http-nio-8090-exec-6 ] - [ DEBUG ] [ com.alan.hrsys_springboot.dao.DepartmentDao.search : 137 ] - <==      Total: 4
2022-04-04 11:08:29.262 [ http-nio-8090-exec-4 ] - [ DEBUG ] [ com.alan.hrsys_springboot.dao.DepartmentDao.search : 137 ] - ==>  Preparing: select * from department
2022-04-04 11:08:29.262 [ http-nio-8090-exec-4 ] - [ DEBUG ] [ com.alan.hrsys_springboot.dao.DepartmentDao.search : 137 ] - ==> Parameters: 
2022-04-04 11:08:29.263 [ http-nio-8090-exec-4 ] - [ DEBUG ] [ com.alan.hrsys_springboot.dao.DepartmentDao.search : 137 ] - <==      Total: 4
2022-04-04 11:09:00.073 [ http-nio-8090-exec-1 ] - [ DEBUG ] [ com.alan.hrsys_springboot.dao.DepartmentDao.search : 137 ] - ==>  Preparing: select * from department
2022-04-04 11:09:00.073 [ http-nio-8090-exec-1 ] - [ DEBUG ] [ com.alan.hrsys_springboot.dao.DepartmentDao.search : 137 ] - ==> Parameters: 
2022-04-04 11:09:00.074 [ http-nio-8090-exec-1 ] - [ DEBUG ] [ com.alan.hrsys_springboot.dao.DepartmentDao.search : 137 ] - <==      Total: 4
2022-04-04 11:10:36.277 [ SpringContextShutdownHook ] - [ INFO  ] [ com.zaxxer.hikari.HikariDataSource : 350 ] - DatebookHikariCP - Shutdown initiated...
2022-04-04 11:10:36.281 [ SpringContextShutdownHook ] - [ INFO  ] [ com.zaxxer.hikari.HikariDataSource : 352 ] - DatebookHikariCP - Shutdown completed.
2022-04-04 11:12:33.052 [ restartedMain ] - [ INFO  ] [ c.alan.hrsys_springboot.HrsysSpringbootApplication : 55 ] - Starting HrsysSpringbootApplication on DESKTOP-QVAD7T5 with PID 19368 (D:\Java学习之路\GitHub中的Java\SpringBoot\Spring_Boot-Vue\hrsys_springboot\target\classes started by 25501 in D:\Java学习之路\GitHub中的Java\SpringBoot\Spring_Boot-Vue\hrsys_springboot)
2022-04-04 11:12:33.053 [ restartedMain ] - [ DEBUG ] [ c.alan.hrsys_springboot.HrsysSpringbootApplication : 56 ] - Running with Spring Boot v2.3.1.RELEASE, Spring v5.2.7.RELEASE
2022-04-04 11:12:33.054 [ restartedMain ] - [ INFO  ] [ c.alan.hrsys_springboot.HrsysSpringbootApplication : 655 ] - The following profiles are active: dev
2022-04-04 11:12:33.868 [ restartedMain ] - [ INFO  ] [ org.apache.coyote.http11.Http11NioProtocol : 173 ] - Initializing ProtocolHandler ["http-nio-8090"]
2022-04-04 11:12:33.869 [ restartedMain ] - [ INFO  ] [ org.apache.catalina.core.StandardService : 173 ] - Starting service [Tomcat]
2022-04-04 11:12:33.869 [ restartedMain ] - [ INFO  ] [ org.apache.catalina.core.StandardEngine : 173 ] - Starting Servlet engine: [Apache Tomcat/9.0.36]
2022-04-04 11:12:34.015 [ restartedMain ] - [ INFO  ] [ org.apache.jasper.servlet.TldScanner : 173 ] - At least one JAR was scanned for TLDs yet contained no TLDs. Enable debug logging for this logger for a complete list of JARs that were scanned but no TLDs were found in them. Skipping unneeded JARs during scanning can improve startup time and JSP compilation time.
2022-04-04 11:12:34.019 [ restartedMain ] - [ INFO  ] [ o.a.c.core.ContainerBase.[Tomcat].[localhost].[/] : 173 ] - Initializing Spring embedded WebApplicationContext
2022-04-04 11:12:34.558 [ restartedMain ] - [ INFO  ] [ org.apache.coyote.http11.Http11NioProtocol : 173 ] - Starting ProtocolHandler ["http-nio-8090"]
2022-04-04 11:12:34.584 [ restartedMain ] - [ INFO  ] [ c.alan.hrsys_springboot.HrsysSpringbootApplication : 61 ] - Started HrsysSpringbootApplication in 1.724 seconds (JVM running for 2.245)
2022-04-04 11:18:41.485 [ http-nio-8090-exec-1 ] - [ INFO  ] [ o.a.c.core.ContainerBase.[Tomcat].[localhost].[/] : 173 ] - Initializing Spring DispatcherServlet 'dispatcherServlet'
2022-04-04 11:18:41.766 [ http-nio-8090-exec-4 ] - [ DEBUG ] [ c.a.hrsys_springboot.controller.EmployeeController : 28 ] - 记录debug日志
2022-04-04 11:18:41.766 [ http-nio-8090-exec-4 ] - [ INFO  ] [ c.a.hrsys_springboot.controller.EmployeeController : 29 ] - 访问了info日志
2022-04-04 11:18:41.767 [ http-nio-8090-exec-4 ] - [ WARN  ] [ c.a.hrsys_springboot.controller.EmployeeController : 30 ] - 记录了warn日志
2022-04-04 11:18:41.767 [ http-nio-8090-exec-4 ] - [ ERROR ] [ c.a.hrsys_springboot.controller.EmployeeController : 31 ] - 记录了error日志
2022-04-04 11:18:41.789 [ http-nio-8090-exec-4 ] - [ INFO  ] [ com.zaxxer.hikari.HikariDataSource : 110 ] - DatebookHikariCP - Starting...
2022-04-04 11:18:42.078 [ http-nio-8090-exec-4 ] - [ INFO  ] [ com.zaxxer.hikari.HikariDataSource : 123 ] - DatebookHikariCP - Start completed.
2022-04-04 11:18:42.083 [ http-nio-8090-exec-4 ] - [ DEBUG ] [ com.alan.hrsys_springboot.dao.EmployeeDao.search : 137 ] - ==>  Preparing: select e.*,d.name as depName from employee as e left join department as d on e.dep_id=d.id where 1=1 order by e.id
2022-04-04 11:18:42.093 [ http-nio-8090-exec-4 ] - [ DEBUG ] [ com.alan.hrsys_springboot.dao.EmployeeDao.search : 137 ] - ==> Parameters: 
2022-04-04 11:18:42.103 [ http-nio-8090-exec-4 ] - [ DEBUG ] [ com.alan.hrsys_springboot.dao.EmployeeDao.search : 137 ] - <==      Total: 6
2022-04-04 11:18:42.107 [ http-nio-8090-exec-4 ] - [ DEBUG ] [ com.alan.hrsys_springboot.dao.DepartmentDao.search : 137 ] - ==>  Preparing: select * from department
2022-04-04 11:18:42.107 [ http-nio-8090-exec-4 ] - [ DEBUG ] [ com.alan.hrsys_springboot.dao.DepartmentDao.search : 137 ] - ==> Parameters: 
2022-04-04 11:18:42.109 [ http-nio-8090-exec-4 ] - [ DEBUG ] [ com.alan.hrsys_springboot.dao.DepartmentDao.search : 137 ] - <==      Total: 4
2022-04-04 11:19:10.988 [ SpringContextShutdownHook ] - [ INFO  ] [ com.zaxxer.hikari.HikariDataSource : 350 ] - DatebookHikariCP - Shutdown initiated...
2022-04-04 11:19:10.993 [ SpringContextShutdownHook ] - [ INFO  ] [ com.zaxxer.hikari.HikariDataSource : 352 ] - DatebookHikariCP - Shutdown completed.
2022-04-04 11:21:02.117 [ restartedMain ] - [ INFO  ] [ c.alan.hrsys_springboot.HrsysSpringbootApplication : 55 ] - Starting HrsysSpringbootApplication on DESKTOP-QVAD7T5 with PID 24548 (D:\Java学习之路\GitHub中的Java\SpringBoot\Spring_Boot-Vue\hrsys_springboot\target\classes started by 25501 in D:\Java学习之路\GitHub中的Java\SpringBoot\Spring_Boot-Vue\hrsys_springboot)
2022-04-04 11:21:02.119 [ restartedMain ] - [ DEBUG ] [ c.alan.hrsys_springboot.HrsysSpringbootApplication : 56 ] - Running with Spring Boot v2.3.1.RELEASE, Spring v5.2.7.RELEASE
2022-04-04 11:21:02.119 [ restartedMain ] - [ INFO  ] [ c.alan.hrsys_springboot.HrsysSpringbootApplication : 651 ] - No active profile set, falling back to default profiles: default
2022-04-04 11:21:02.951 [ restartedMain ] - [ INFO  ] [ org.apache.coyote.http11.Http11NioProtocol : 173 ] - Initializing ProtocolHandler ["http-nio-8090"]
2022-04-04 11:21:02.952 [ restartedMain ] - [ INFO  ] [ org.apache.catalina.core.StandardService : 173 ] - Starting service [Tomcat]
2022-04-04 11:21:02.952 [ restartedMain ] - [ INFO  ] [ org.apache.catalina.core.StandardEngine : 173 ] - Starting Servlet engine: [Apache Tomcat/9.0.36]
2022-04-04 11:21:03.091 [ restartedMain ] - [ INFO  ] [ org.apache.jasper.servlet.TldScanner : 173 ] - At least one JAR was scanned for TLDs yet contained no TLDs. Enable debug logging for this logger for a complete list of JARs that were scanned but no TLDs were found in them. Skipping unneeded JARs during scanning can improve startup time and JSP compilation time.
2022-04-04 11:21:03.095 [ restartedMain ] - [ INFO  ] [ o.a.c.core.ContainerBase.[Tomcat].[localhost].[/] : 173 ] - Initializing Spring embedded WebApplicationContext
2022-04-04 11:21:03.641 [ restartedMain ] - [ INFO  ] [ org.apache.coyote.http11.Http11NioProtocol : 173 ] - Starting ProtocolHandler ["http-nio-8090"]
2022-04-04 11:21:03.667 [ restartedMain ] - [ INFO  ] [ c.alan.hrsys_springboot.HrsysSpringbootApplication : 61 ] - Started HrsysSpringbootApplication in 1.712 seconds (JVM running for 2.184)
2022-04-04 11:21:16.700 [ http-nio-8090-exec-1 ] - [ INFO  ] [ o.a.c.core.ContainerBase.[Tomcat].[localhost].[/] : 173 ] - Initializing Spring DispatcherServlet 'dispatcherServlet'
2022-04-04 11:21:16.973 [ http-nio-8090-exec-3 ] - [ DEBUG ] [ c.a.hrsys_springboot.controller.EmployeeController : 28 ] - 记录debug日志
2022-04-04 11:21:16.974 [ http-nio-8090-exec-3 ] - [ INFO  ] [ c.a.hrsys_springboot.controller.EmployeeController : 29 ] - 访问了info日志
2022-04-04 11:21:16.974 [ http-nio-8090-exec-3 ] - [ WARN  ] [ c.a.hrsys_springboot.controller.EmployeeController : 30 ] - 记录了warn日志
2022-04-04 11:21:16.974 [ http-nio-8090-exec-3 ] - [ ERROR ] [ c.a.hrsys_springboot.controller.EmployeeController : 31 ] - 记录了error日志
2022-04-04 11:21:16.997 [ http-nio-8090-exec-3 ] - [ INFO  ] [ com.zaxxer.hikari.HikariDataSource : 110 ] - HikariPool-1 - Starting...
2022-04-04 11:21:17.279 [ http-nio-8090-exec-3 ] - [ INFO  ] [ com.zaxxer.hikari.HikariDataSource : 123 ] - HikariPool-1 - Start completed.
2022-04-04 11:21:17.283 [ http-nio-8090-exec-3 ] - [ DEBUG ] [ com.alan.hrsys_springboot.dao.EmployeeDao.search : 137 ] - ==>  Preparing: select e.*,d.name as depName from employee as e left join department as d on e.dep_id=d.id where 1=1 order by e.id
2022-04-04 11:21:17.295 [ http-nio-8090-exec-3 ] - [ DEBUG ] [ com.alan.hrsys_springboot.dao.EmployeeDao.search : 137 ] - ==> Parameters: 
2022-04-04 11:21:17.307 [ http-nio-8090-exec-3 ] - [ DEBUG ] [ com.alan.hrsys_springboot.dao.EmployeeDao.search : 137 ] - <==      Total: 6
2022-04-04 11:21:17.312 [ http-nio-8090-exec-3 ] - [ DEBUG ] [ com.alan.hrsys_springboot.dao.DepartmentDao.search : 137 ] - ==>  Preparing: select * from department
2022-04-04 11:21:17.312 [ http-nio-8090-exec-3 ] - [ DEBUG ] [ com.alan.hrsys_springboot.dao.DepartmentDao.search : 137 ] - ==> Parameters: 
2022-04-04 11:21:17.313 [ http-nio-8090-exec-3 ] - [ DEBUG ] [ com.alan.hrsys_springboot.dao.DepartmentDao.search : 137 ] - <==      Total: 4
2022-04-04 11:22:22.108 [ SpringContextShutdownHook ] - [ INFO  ] [ com.zaxxer.hikari.HikariDataSource : 350 ] - HikariPool-1 - Shutdown initiated...
2022-04-04 11:22:22.114 [ SpringContextShutdownHook ] - [ INFO  ] [ com.zaxxer.hikari.HikariDataSource : 352 ] - HikariPool-1 - Shutdown completed.
